Arguments: 
  C:\Program Files\nodejs\node.exe C:\Users\pc\AppData\Roaming\npm\node_modules\yarn\bin\yarn.js add --dev tailwindcss

PATH: 
  C:\Program Files\Eclipse Adoptium\jdk-11.0.16.101-hotspot\bin;C:\Windows\system32;C:\Windows;C:\Windows\System32\Wbem;C:\Windows\System32\WindowsPowerShell\v1.0\;C:\Windows\System32\OpenSSH\;C:\Program Files\nodejs\;C:\Program Files\Git\cmd;C:\ProgramData\chocolatey\bin;C:\Users\pc\AppData\Local\Microsoft\WindowsApps;C:\Users\pc\AppData\Local\Programs\Microsoft VS Code\bin;C:\Users\pc\AppData\Roaming\npm;C:\Users\pc\AppData\Local\Android\Sdk\platform-tools;

Yarn version: 
  1.22.19

Node version: 
  18.7.0

Platform: 
  win32 x64

Trace: 
  Error: ENOENT: no such file or directory, copyfile 'C:\Users\pc\AppData\Local\Yarn\Cache\v6\npm-postcss-nested-5.0.6-466343f7fc8d3d46af3e7dba3fcd47d052a945bc-integrity\node_modules\postcss-nested\index.d.ts' -> 'C:\Users\pc\deliveroo\node_modules\tailwindcss-react-native\node_modules\postcss-nested\index.d.ts'

npm manifest: 
  {
    "name": "deliveroo",
    "version": "1.0.0",
    "main": "node_modules/expo/AppEntry.js",
    "scripts": {
      "start": "expo start",
      "android": "expo start --android",
      "ios": "expo start --ios",
      "web": "expo start --web"
    },
    "dependencies": {
      "expo": "~46.0.16",
      "expo-status-bar": "~1.4.0",
      "react": "18.0.0",
      "react-native": "0.69.6",
      "tailwindcss-react-native": "^1.7.10"
    },
    "devDependencies": {
      "@babel/core": "^7.12.9",
      "tailwindcss": "^3.2.1"
    },
    "private": true
  }

yarn manifest: 
  No manifest

Lockfile: 
  No lockfile
